07192022 12:46:27 PM: INFO: ***************** Test_001_Login *****************
07192022 12:46:27 PM: INFO: ***************** Verifying Home Page Title *****************
07192022 12:46:31 PM: INFO: ***************** Home Page Title Test is Passed *****************
07192022 12:46:32 PM: INFO: ***************** Verifying Login Test *****************
07192022 12:46:40 PM: INFO: ***************** Login Test is Passed *****************
07/19/2022 12:48:36 PM: INFO: ***************** Test_001_Login *****************
07/19/2022 12:48:36 PM: INFO: ***************** Verifying Home Page Title *****************
07/19/2022 12:48:53 PM: INFO: ***************** Home Page Title Test is Passed *****************
07/19/2022 12:48:55 PM: INFO: ***************** Verifying Login Test *****************
07/19/2022 12:49:04 PM: INFO: ***************** Login Test is Passed *****************
07/19/2022 01:06:33 PM: INFO: ***************** Test_001_Login *****************
07/19/2022 01:06:33 PM: INFO: ***************** Verifying Home Page Title *****************
07/19/2022 01:06:37 PM: INFO: ***************** Home Page Title Test is Passed *****************
07/19/2022 01:06:39 PM: INFO: ***************** Verifying Login Test *****************
07/19/2022 01:06:46 PM: INFO: ***************** Login Test is Passed *****************
07/19/2022 01:07:13 PM: INFO: ***************** Test_001_Login *****************
07/19/2022 01:07:13 PM: INFO: ***************** Verifying Home Page Title *****************
07/19/2022 01:07:17 PM: INFO: ***************** Home Page Title Test is Passed *****************
07/19/2022 01:07:23 PM: INFO: ***************** Verifying Login Test *****************
07/19/2022 01:07:30 PM: INFO: ***************** Login Test is Passed *****************
07/19/2022 01:38:42 PM: INFO: ***************** Verifying Login Test *****************
07/19/2022 01:38:42 PM: INFO: ***************** Test_001_Login *****************
07/19/2022 01:38:42 PM: INFO: ***************** Verifying Home Page Title *****************
07/19/2022 01:38:47 PM: INFO: ***************** Home Page Title Test is Passed *****************
07/19/2022 01:38:51 PM: INFO: ***************** Login Test is Passed *****************
07/19/2022 01:49:31 PM: INFO: ***************** Verifying Login Test *****************
07/19/2022 01:49:31 PM: INFO: ***************** Test_001_Login *****************
07/19/2022 01:49:31 PM: INFO: ***************** Verifying Home Page Title *****************
07/19/2022 01:49:35 PM: INFO: ***************** Home Page Title Test is Passed *****************
07/19/2022 01:49:39 PM: INFO: ***************** Login Test is Passed *****************
2022-07-19 13:53:02,751 - INFO - ***************** Verifying Login Test *****************
2022-07-19 13:53:02,795 - INFO - ***************** Test_001_Login *****************
2022-07-19 13:53:02,795 - INFO - ***************** Verifying Home Page Title *****************
2022-07-19 13:53:07,173 - INFO - ***************** Home Page Title Test is Passed *****************
2022-07-19 13:53:10,024 - INFO - ***************** Login Test is Passed *****************
2022-07-19 13:58:35,322 - INFO - ***************** Verifying Login Test *****************
2022-07-19 13:58:35,484 - INFO - ***************** Test_001_Login *****************
2022-07-19 13:58:35,485 - INFO - ***************** Verifying Home Page Title *****************
2022-07-19 13:58:39,816 - INFO - ***************** Home Page Title Test is Passed *****************
2022-07-19 13:58:43,159 - INFO - ***************** Login Test is Passed *****************
2022-07-19 14:00:53,547 - INFO - ***************** Test_001_Login *****************
2022-07-19 14:00:53,548 - INFO - ***************** Verifying Home Page Title *****************
2022-07-19 14:00:53,748 - INFO - ***************** Verifying Login Test *****************
2022-07-19 14:00:58,105 - INFO - ***************** Home Page Title Test is Passed *****************
2022-07-19 14:01:01,397 - INFO - ***************** Login Test is Passed *****************
2022-07-19 16:24:05,107 - INFO - ***************** Test_002_DDT_Login *****************
2022-07-19 16:24:05,108 - INFO - ***************** Verifying Login DDT Test *****************
2022-07-19 16:24:15,654 - INFO - ***************** Passed *****************
2022-07-19 16:24:16,949 - INFO - ***************** Login DDT test passed *****************
2022-07-19 16:24:24,320 - WARNING - Retrying (Retry(total=2, connect=None, read=None, redirect=None, status=None)) after connection broken by 'NewConnectionError('<urllib3.connection.HTTPConnection object at 0x000002D9CFC1BDF0>: Failed to establish a new connection: [WinError 10061] No connection could be made because the target machine actively refused it')': /session/b3d6736cfc7b451a4a92a4c85dbac961/element
2022-07-19 16:24:28,416 - WARNING - Retrying (Retry(total=1, connect=None, read=None, redirect=None, status=None)) after connection broken by 'NewConnectionError('<urllib3.connection.HTTPConnection object at 0x000002D9D394ABC0>: Failed to establish a new connection: [WinError 10061] No connection could be made because the target machine actively refused it')': /session/b3d6736cfc7b451a4a92a4c85dbac961/element
2022-07-19 16:24:32,511 - WARNING - Retrying (Retry(total=0, connect=None, read=None, redirect=None, status=None)) after connection broken by 'NewConnectionError('<urllib3.connection.HTTPConnection object at 0x000002D9D391D360>: Failed to establish a new connection: [WinError 10061] No connection could be made because the target machine actively refused it')': /session/b3d6736cfc7b451a4a92a4c85dbac961/element
2022-07-19 16:25:55,287 - INFO - ***************** Test_002_DDT_Login *****************
2022-07-19 16:25:55,287 - INFO - ***************** Verifying Login DDT Test *****************
2022-07-19 16:26:04,327 - INFO - ***************** Passed *****************
2022-07-19 16:26:11,478 - INFO - ***************** Passed *****************
2022-07-19 16:27:37,198 - INFO - ***************** Test_002_DDT_Login *****************
2022-07-19 16:27:37,198 - INFO - ***************** Verifying Login DDT Test *****************
2022-07-19 16:27:47,732 - INFO - ***************** Passed *****************
2022-07-19 16:27:54,680 - INFO - ***************** Passed *****************
2022-07-19 16:28:00,470 - INFO - ***************** Passed *****************
2022-07-19 16:28:06,237 - INFO - ***************** Passed *****************
2022-07-19 16:37:57,895 - INFO - ***************** Test_002_DDT_Login *****************
2022-07-19 16:37:57,896 - INFO - ***************** Verifying Login DDT Test *****************
2022-07-19 16:38:08,352 - INFO - ***************** Passed *****************
2022-07-19 16:38:15,463 - INFO - ***************** Passed *****************
2022-07-19 16:38:21,242 - INFO - ***************** Passed *****************
2022-07-19 16:38:27,012 - INFO - ***************** Passed *****************
2022-07-19 17:00:14,590 - INFO - ***************** Test_002_DDT_Login *****************
2022-07-19 17:00:14,591 - INFO - ***************** Verifying Login DDT Test *****************
2022-07-19 17:00:22,780 - INFO - ***************** Passed *****************
2022-07-19 17:00:27,761 - INFO - ***************** Passed *****************
2022-07-19 17:00:31,532 - INFO - ***************** Passed *****************
2022-07-19 17:00:35,306 - INFO - ***************** Passed *****************
2022-07-19 17:19:36,382 - INFO - ***************** Test_002_DDT_Login *****************
2022-07-19 17:19:36,382 - INFO - ***************** Verifying Login DDT Test *****************
2022-07-19 17:19:44,586 - INFO - ***************** Passed *****************
2022-07-19 17:19:49,642 - INFO - ***************** Passed *****************
2022-07-19 17:19:53,408 - INFO - ***************** Passed *****************
2022-07-19 17:19:57,240 - INFO - ***************** Passed *****************
2022-07-19 17:21:46,654 - INFO - ***************** Test_002_DDT_Login *****************
2022-07-19 17:21:46,655 - INFO - ***************** Verifying Login DDT Test *****************
2022-07-19 17:21:55,107 - INFO - ***************** Passed *****************
2022-07-19 17:22:00,139 - INFO - ***************** Passed *****************
2022-07-19 17:22:03,870 - INFO - ***************** Passed *****************
2022-07-19 17:22:07,622 - INFO - ***************** Passed *****************
2022-07-19 17:25:04,632 - INFO - ***************** Test_002_DDT_Login *****************
2022-07-19 17:25:04,632 - INFO - ***************** Verifying Login DDT Test *****************
2022-07-19 17:25:14,325 - INFO - ***************** Test_002_DDT_Login *****************
2022-07-19 17:25:14,325 - INFO - ***************** Verifying Login DDT Test *****************
2022-07-19 17:25:22,540 - INFO - ***************** Passed *****************
2022-07-19 17:25:27,521 - INFO - ***************** Passed *****************
2022-07-19 17:25:31,319 - INFO - ***************** Passed *****************
2022-07-19 17:25:35,079 - INFO - ***************** Passed *****************
2022-07-19 17:30:11,593 - INFO - ***************** Test_002_DDT_Login *****************
2022-07-19 17:30:11,594 - INFO - ***************** Verifying Login DDT Test *****************
2022-07-19 17:30:19,673 - INFO - ***************** Passed *****************
2022-07-19 17:30:24,840 - INFO - ***************** Passed *****************
2022-07-19 17:30:28,553 - INFO - ***************** Passed *****************
2022-07-19 17:30:32,346 - INFO - ***************** Passed *****************
2022-07-19 17:35:27,358 - INFO - ***************** Test_002_DDT_Login *****************
2022-07-19 17:35:27,358 - INFO - ***************** Verifying Login DDT Test *****************
2022-07-19 17:35:35,882 - INFO - ***************** Passed *****************
2022-07-19 17:35:41,325 - INFO - ***************** Passed *****************
2022-07-19 17:35:45,090 - INFO - ***************** Passed *****************
2022-07-19 17:35:48,794 - INFO - ***************** Passed *****************
2022-07-19 17:44:57,583 - INFO - ***************** Test_002_DDT_Login *****************
2022-07-19 17:44:57,584 - INFO - ***************** Verifying Login DDT Test *****************
2022-07-19 17:45:05,626 - INFO - ***************** Passed *****************
2022-07-19 17:45:10,596 - INFO - ***************** Passed *****************
2022-07-19 17:45:14,392 - INFO - ***************** Passed *****************
2022-07-19 17:45:18,143 - INFO - ***************** Passed *****************
2022-07-19 17:49:58,796 - INFO - ***************** Test_002_DDT_Login *****************
2022-07-19 17:49:58,796 - INFO - ***************** Verifying Login DDT Test *****************
2022-07-19 17:50:07,393 - INFO - ***************** Passed *****************
2022-07-19 17:50:12,513 - INFO - ***************** Passed *****************
2022-07-19 17:50:16,241 - INFO - ***************** Passed *****************
2022-07-19 17:50:19,962 - INFO - ***************** Passed *****************
2022-07-19 17:52:14,377 - INFO - ***************** Test_002_DDT_Login *****************
2022-07-19 17:52:14,377 - INFO - ***************** Verifying Login DDT Test *****************
2022-07-19 17:52:22,081 - INFO - ***************** Passed *****************
2022-07-19 17:52:27,123 - INFO - ***************** Passed *****************
2022-07-19 17:52:30,971 - INFO - ***************** Passed *****************
2022-07-19 17:52:34,791 - INFO - ***************** Passed *****************
2022-07-19 17:53:49,490 - INFO - ***************** Test_002_DDT_Login *****************
2022-07-19 17:53:49,493 - INFO - ***************** Verifying Login DDT Test *****************
2022-07-19 17:53:57,927 - INFO - ***************** Passed *****************
2022-07-19 17:54:03,024 - INFO - ***************** Passed *****************
2022-07-19 17:54:06,789 - INFO - ***************** Passed *****************
2022-07-19 17:54:10,569 - INFO - ***************** Passed *****************
2022-07-19 17:55:52,257 - INFO - ***************** Test_002_DDT_Login *****************
2022-07-19 17:55:52,265 - INFO - ***************** Verifying Login DDT Test *****************
2022-07-19 17:55:59,446 - INFO - ***************** Passed *****************
2022-07-19 17:56:04,522 - INFO - ***************** Passed *****************
2022-07-19 17:56:08,252 - INFO - ***************** Passed *****************
2022-07-19 17:56:08,252 - INFO - ***************** Checkpoint *****************
2022-07-19 17:56:08,252 - INFO - ***************** End of Login DDT Test *****************
2022-07-19 17:56:08,252 - INFO - ***************** Completed Test_002_DDT_Login *****************
2022-07-19 17:58:55,990 - INFO - ***************** Test_002_DDT_Login *****************
2022-07-19 17:58:55,993 - INFO - ***************** Verifying Login DDT Test *****************
2022-07-19 17:59:04,486 - INFO - ***************** Passed *****************
2022-07-19 17:59:09,447 - INFO - ***************** Passed *****************
2022-07-19 17:59:13,140 - INFO - ***************** Passed *****************
2022-07-19 17:59:16,867 - INFO - ***************** Passed *****************
2022-07-19 17:59:16,868 - INFO - ***************** Checkpoint *****************
2022-07-19 17:59:16,868 - INFO - ***************** End of Login DDT Test *****************
2022-07-19 17:59:16,868 - INFO - ***************** Completed Test_002_DDT_Login *****************
2022-07-19 17:59:51,191 - INFO - ***************** Test_002_DDT_Login *****************
2022-07-19 17:59:51,192 - INFO - ***************** Verifying Login DDT Test *****************
2022-07-19 17:59:58,074 - INFO - ***************** Passed *****************
2022-07-19 18:00:03,267 - INFO - ***************** Passed *****************
2022-07-19 18:00:07,014 - INFO - ***************** Passed *****************
2022-07-19 18:00:10,735 - INFO - ***************** Passed *****************
2022-07-19 18:00:10,735 - INFO - ***************** Checkpoint *****************
2022-07-19 18:00:10,735 - INFO - ***************** Login DDT test passed *****************
2022-07-19 18:00:12,931 - INFO - ***************** End of Login DDT Test *****************
2022-07-19 18:00:12,932 - INFO - ***************** Completed Test_002_DDT_Login *****************
2022-07-19 18:07:51,916 - INFO - ***************** Test_002_DDT_Login *****************
2022-07-19 18:07:51,916 - INFO - ***************** Verifying Login DDT Test *****************
2022-07-19 18:08:00,638 - INFO - ***************** Passed *****************
2022-07-19 18:08:05,923 - INFO - ***************** Passed *****************
2022-07-19 18:08:09,818 - INFO - ***************** Passed *****************
2022-07-19 18:08:13,719 - INFO - ***************** Passed *****************
2022-07-19 18:08:13,720 - INFO - ***************** Checkpoint *****************
2022-07-19 18:08:13,720 - INFO - ***************** Login DDT test passed *****************
2022-07-19 18:08:15,921 - INFO - ***************** End of Login DDT Test *****************
2022-07-19 18:08:15,921 - INFO - ***************** Completed Test_002_DDT_Login *****************
2022-07-21 20:19:49,065 - INFO - *************** Test_003_AddCustomer ***************
2022-07-21 20:19:54,517 - INFO - *************** Login successful ***************
2022-07-21 20:19:54,517 - INFO - *************** Starting Add Customer Test ***************
2022-07-21 20:19:57,540 - INFO - *************** Providing Customer Info ***************
2022-07-21 20:20:09,379 - INFO - *************** Saving Customer Info ***************
2022-07-21 20:20:09,380 - INFO - *************** Add Customer validation started ***************
2022-07-21 20:22:12,344 - INFO - *************** Test_003_AddCustomer ***************
2022-07-21 20:22:18,350 - INFO - *************** Login successful ***************
2022-07-21 20:22:18,350 - INFO - *************** Starting Add Customer Test ***************
2022-07-21 20:22:21,300 - INFO - *************** Providing Customer Info ***************
2022-07-21 20:22:32,973 - INFO - *************** Saving Customer Info ***************
2022-07-21 20:22:32,973 - INFO - *************** Add Customer validation started ***************
2022-07-21 20:22:33,572 - INFO - *************** Add Customer Test Passed ***************
2022-07-21 20:22:36,028 - INFO - *************** Ending Test_003_AddCustomer Test  ***************
2022-07-21 20:24:31,973 - INFO - *************** Test_003_AddCustomer ***************
2022-07-21 20:24:37,246 - INFO - *************** Login successful ***************
2022-07-21 20:24:37,246 - INFO - *************** Starting Add Customer Test ***************
2022-07-21 20:24:40,164 - INFO - *************** Providing Customer Info ***************
2022-07-21 20:24:50,016 - INFO - *************** Saving Customer Info ***************
2022-07-21 20:24:50,016 - INFO - *************** Add Customer validation started ***************
2022-07-21 20:24:50,207 - INFO - *************** Add Customer Test Passed ***************
2022-07-21 20:24:52,534 - INFO - *************** Ending Test_003_AddCustomer Test  ***************
2022-07-21 22:11:10,059 - INFO - *************** Test_004_SearchCustomerByEmail ***************
2022-07-21 22:11:16,158 - INFO - *************** Login successful ***************
2022-07-21 22:11:16,158 - INFO - *************** Starting Search Customer By Email ***************
2022-07-21 22:11:17,883 - INFO - *************** Searching Customer by emailID ***************
2022-07-21 22:12:53,656 - INFO - *************** Test_004_SearchCustomerByEmail ***************
2022-07-21 22:12:58,891 - INFO - *************** Login successful ***************
2022-07-21 22:12:58,892 - INFO - *************** Starting Search Customer By Email ***************
2022-07-21 22:13:00,584 - INFO - *************** Searching Customer by emailID ***************
2022-07-21 22:14:17,197 - INFO - *************** Test_004_SearchCustomerByEmail ***************
2022-07-21 22:14:21,032 - INFO - *************** Login successful ***************
2022-07-21 22:14:21,033 - INFO - *************** Starting Search Customer By Email ***************
2022-07-21 22:14:22,682 - INFO - *************** Searching Customer by emailID ***************
2022-07-21 22:24:27,987 - INFO - *************** Test_004_SearchCustomerByEmail ***************
2022-07-21 22:24:32,738 - INFO - *************** Login successful ***************
2022-07-21 22:24:32,738 - INFO - *************** Starting Search Customer By Email ***************
2022-07-21 22:24:34,361 - INFO - *************** Searching Customer by emailID ***************
2022-07-21 22:24:39,744 - INFO - *************** Test_004_SearchCustomerByEmail Finished ***************
2022-07-21 22:30:47,469 - INFO - *************** Test_005_SearchCustomerByName ***************
2022-07-21 22:30:52,897 - INFO - *************** Login successful ***************
2022-07-21 22:30:52,897 - INFO - *************** Starting Search Customer By Name ***************
2022-07-21 22:30:54,533 - INFO - *************** Searching Customer by Name ***************
2022-07-21 22:31:18,663 - INFO - *************** Test_005_SearchCustomerByName ***************
2022-07-21 22:31:23,608 - INFO - *************** Login successful ***************
2022-07-21 22:31:23,608 - INFO - *************** Starting Search Customer By Name ***************
2022-07-21 22:31:25,476 - INFO - *************** Searching Customer by Name ***************
2022-07-21 22:31:28,977 - INFO - *************** Test_005_SearchCustomerByName Finished ***************
2022-07-23 17:14:00,760 - INFO - *************** Test_003_AddCustomer ***************
2022-07-23 17:14:00,760 - INFO - *************** Test_003_AddCustomer ***************
2022-07-23 17:14:00,760 - INFO - *************** Test_003_AddCustomer ***************
2022-07-23 17:14:00,760 - INFO - *************** Test_003_AddCustomer ***************
2022-07-23 17:14:00,760 - INFO - *************** Test_003_AddCustomer ***************
2022-07-23 17:14:11,205 - INFO - *************** Login successful ***************
2022-07-23 17:14:11,205 - INFO - *************** Login successful ***************
2022-07-23 17:14:11,205 - INFO - *************** Login successful ***************
2022-07-23 17:14:11,205 - INFO - *************** Login successful ***************
2022-07-23 17:14:11,205 - INFO - *************** Login successful ***************
2022-07-23 17:14:11,206 - INFO - *************** Starting Add Customer Test ***************
2022-07-23 17:14:11,206 - INFO - *************** Starting Add Customer Test ***************
2022-07-23 17:14:11,206 - INFO - *************** Starting Add Customer Test ***************
2022-07-23 17:14:11,206 - INFO - *************** Starting Add Customer Test ***************
2022-07-23 17:14:11,206 - INFO - *************** Starting Add Customer Test ***************
2022-07-23 17:14:18,091 - INFO - *************** Providing Customer Info ***************
2022-07-23 17:14:18,091 - INFO - *************** Providing Customer Info ***************
2022-07-23 17:14:18,091 - INFO - *************** Providing Customer Info ***************
2022-07-23 17:14:18,091 - INFO - *************** Providing Customer Info ***************
2022-07-23 17:14:18,091 - INFO - *************** Providing Customer Info ***************
2022-07-23 17:14:27,247 - INFO - *************** Saving Customer Info ***************
2022-07-23 17:14:27,247 - INFO - *************** Saving Customer Info ***************
2022-07-23 17:14:27,247 - INFO - *************** Saving Customer Info ***************
2022-07-23 17:14:27,247 - INFO - *************** Saving Customer Info ***************
2022-07-23 17:14:27,247 - INFO - *************** Saving Customer Info ***************
2022-07-23 17:14:27,248 - INFO - *************** Add Customer validation started ***************
2022-07-23 17:14:27,248 - INFO - *************** Add Customer validation started ***************
2022-07-23 17:14:27,248 - INFO - *************** Add Customer validation started ***************
2022-07-23 17:14:27,248 - INFO - *************** Add Customer validation started ***************
2022-07-23 17:14:27,248 - INFO - *************** Add Customer validation started ***************
2022-07-23 17:14:27,953 - INFO - *************** Add Customer Test Failed ***************
2022-07-23 17:14:27,953 - INFO - *************** Add Customer Test Failed ***************
2022-07-23 17:14:27,953 - INFO - *************** Add Customer Test Failed ***************
2022-07-23 17:14:27,953 - INFO - *************** Add Customer Test Failed ***************
2022-07-23 17:14:27,953 - INFO - *************** Add Customer Test Failed ***************
2022-07-23 17:14:29,658 - INFO - ***************** Verifying Login Test *****************
2022-07-23 17:14:29,658 - INFO - ***************** Verifying Login Test *****************
2022-07-23 17:14:29,658 - INFO - ***************** Verifying Login Test *****************
2022-07-23 17:14:29,658 - INFO - ***************** Verifying Login Test *****************
2022-07-23 17:14:29,658 - INFO - ***************** Verifying Login Test *****************
2022-07-23 17:14:36,854 - INFO - ***************** Login Test is Passed *****************
2022-07-23 17:14:36,854 - INFO - ***************** Login Test is Passed *****************
2022-07-23 17:14:36,854 - INFO - ***************** Login Test is Passed *****************
2022-07-23 17:14:36,854 - INFO - ***************** Login Test is Passed *****************
2022-07-23 17:14:36,854 - INFO - ***************** Login Test is Passed *****************
2022-07-23 17:15:21,396 - INFO - *************** Test_003_AddCustomer ***************
2022-07-23 17:15:21,396 - INFO - *************** Test_003_AddCustomer ***************
2022-07-23 17:15:21,396 - INFO - *************** Test_003_AddCustomer ***************
2022-07-23 17:15:21,396 - INFO - *************** Test_003_AddCustomer ***************
2022-07-23 17:15:21,396 - INFO - *************** Test_003_AddCustomer ***************
2022-07-23 17:15:25,100 - INFO - *************** Login successful ***************
2022-07-23 17:15:25,100 - INFO - *************** Login successful ***************
2022-07-23 17:15:25,100 - INFO - *************** Login successful ***************
2022-07-23 17:15:25,100 - INFO - *************** Login successful ***************
2022-07-23 17:15:25,100 - INFO - *************** Login successful ***************
2022-07-23 17:15:25,100 - INFO - *************** Starting Add Customer Test ***************
2022-07-23 17:15:25,100 - INFO - *************** Starting Add Customer Test ***************
2022-07-23 17:15:25,100 - INFO - *************** Starting Add Customer Test ***************
2022-07-23 17:15:25,100 - INFO - *************** Starting Add Customer Test ***************
2022-07-23 17:15:25,100 - INFO - *************** Starting Add Customer Test ***************
2022-07-23 17:15:27,974 - INFO - *************** Providing Customer Info ***************
2022-07-23 17:15:27,974 - INFO - *************** Providing Customer Info ***************
2022-07-23 17:15:27,974 - INFO - *************** Providing Customer Info ***************
2022-07-23 17:15:27,974 - INFO - *************** Providing Customer Info ***************
2022-07-23 17:15:27,974 - INFO - *************** Providing Customer Info ***************
2022-07-23 17:15:37,719 - INFO - *************** Saving Customer Info ***************
2022-07-23 17:15:37,719 - INFO - *************** Saving Customer Info ***************
2022-07-23 17:15:37,719 - INFO - *************** Saving Customer Info ***************
2022-07-23 17:15:37,719 - INFO - *************** Saving Customer Info ***************
2022-07-23 17:15:37,719 - INFO - *************** Saving Customer Info ***************
2022-07-23 17:15:37,719 - INFO - *************** Add Customer validation started ***************
2022-07-23 17:15:37,719 - INFO - *************** Add Customer validation started ***************
2022-07-23 17:15:37,719 - INFO - *************** Add Customer validation started ***************
2022-07-23 17:15:37,719 - INFO - *************** Add Customer validation started ***************
2022-07-23 17:15:37,719 - INFO - *************** Add Customer validation started ***************
2022-07-23 17:15:37,928 - INFO - *************** Add Customer Test Passed ***************
2022-07-23 17:15:37,928 - INFO - *************** Add Customer Test Passed ***************
2022-07-23 17:15:37,928 - INFO - *************** Add Customer Test Passed ***************
2022-07-23 17:15:37,928 - INFO - *************** Add Customer Test Passed ***************
2022-07-23 17:15:37,928 - INFO - *************** Add Customer Test Passed ***************
2022-07-23 17:15:40,251 - INFO - *************** Ending Test_003_AddCustomer Test  ***************
2022-07-23 17:15:40,251 - INFO - *************** Ending Test_003_AddCustomer Test  ***************
2022-07-23 17:15:40,251 - INFO - *************** Ending Test_003_AddCustomer Test  ***************
2022-07-23 17:15:40,251 - INFO - *************** Ending Test_003_AddCustomer Test  ***************
2022-07-23 17:15:40,251 - INFO - *************** Ending Test_003_AddCustomer Test  ***************
2022-07-23 17:15:41,905 - INFO - ***************** Verifying Login Test *****************
2022-07-23 17:15:41,905 - INFO - ***************** Verifying Login Test *****************
2022-07-23 17:15:41,905 - INFO - ***************** Verifying Login Test *****************
2022-07-23 17:15:41,905 - INFO - ***************** Verifying Login Test *****************
2022-07-23 17:15:41,905 - INFO - ***************** Verifying Login Test *****************
2022-07-23 17:15:49,237 - INFO - ***************** Login Test is Passed *****************
2022-07-23 17:15:49,237 - INFO - ***************** Login Test is Passed *****************
2022-07-23 17:15:49,237 - INFO - ***************** Login Test is Passed *****************
2022-07-23 17:15:49,237 - INFO - ***************** Login Test is Passed *****************
2022-07-23 17:15:49,237 - INFO - ***************** Login Test is Passed *****************
2022-07-23 17:37:20,076 - INFO - *************** Test_003_AddCustomer ***************
2022-07-23 17:37:20,076 - INFO - *************** Test_003_AddCustomer ***************
2022-07-23 17:37:20,076 - INFO - *************** Test_003_AddCustomer ***************
2022-07-23 17:37:20,076 - INFO - *************** Test_003_AddCustomer ***************
2022-07-23 17:37:20,076 - INFO - *************** Test_003_AddCustomer ***************
2022-07-23 17:37:25,310 - INFO - *************** Login successful ***************
2022-07-23 17:37:25,310 - INFO - *************** Login successful ***************
2022-07-23 17:37:25,310 - INFO - *************** Login successful ***************
2022-07-23 17:37:25,310 - INFO - *************** Login successful ***************
2022-07-23 17:37:25,310 - INFO - *************** Login successful ***************
2022-07-23 17:37:25,311 - INFO - *************** Starting Add Customer Test ***************
2022-07-23 17:37:25,311 - INFO - *************** Starting Add Customer Test ***************
2022-07-23 17:37:25,311 - INFO - *************** Starting Add Customer Test ***************
2022-07-23 17:37:25,311 - INFO - *************** Starting Add Customer Test ***************
2022-07-23 17:37:25,311 - INFO - *************** Starting Add Customer Test ***************
2022-07-23 17:37:28,240 - INFO - *************** Providing Customer Info ***************
2022-07-23 17:37:28,240 - INFO - *************** Providing Customer Info ***************
2022-07-23 17:37:28,240 - INFO - *************** Providing Customer Info ***************
2022-07-23 17:37:28,240 - INFO - *************** Providing Customer Info ***************
2022-07-23 17:37:28,240 - INFO - *************** Providing Customer Info ***************
2022-07-23 17:37:38,083 - INFO - *************** Saving Customer Info ***************
2022-07-23 17:37:38,083 - INFO - *************** Saving Customer Info ***************
2022-07-23 17:37:38,083 - INFO - *************** Saving Customer Info ***************
2022-07-23 17:37:38,083 - INFO - *************** Saving Customer Info ***************
2022-07-23 17:37:38,083 - INFO - *************** Saving Customer Info ***************
2022-07-23 17:37:38,083 - INFO - *************** Add Customer validation started ***************
2022-07-23 17:37:38,083 - INFO - *************** Add Customer validation started ***************
2022-07-23 17:37:38,083 - INFO - *************** Add Customer validation started ***************
2022-07-23 17:37:38,083 - INFO - *************** Add Customer validation started ***************
2022-07-23 17:37:38,083 - INFO - *************** Add Customer validation started ***************
2022-07-23 17:37:38,262 - INFO - *************** Add Customer Test Passed ***************
2022-07-23 17:37:38,262 - INFO - *************** Add Customer Test Passed ***************
2022-07-23 17:37:38,262 - INFO - *************** Add Customer Test Passed ***************
2022-07-23 17:37:38,262 - INFO - *************** Add Customer Test Passed ***************
2022-07-23 17:37:38,262 - INFO - *************** Add Customer Test Passed ***************
2022-07-23 17:37:40,480 - INFO - *************** Ending Test_003_AddCustomer Test  ***************
2022-07-23 17:37:40,480 - INFO - *************** Ending Test_003_AddCustomer Test  ***************
2022-07-23 17:37:40,480 - INFO - *************** Ending Test_003_AddCustomer Test  ***************
2022-07-23 17:37:40,480 - INFO - *************** Ending Test_003_AddCustomer Test  ***************
2022-07-23 17:37:40,480 - INFO - *************** Ending Test_003_AddCustomer Test  ***************
2022-07-23 17:37:41,977 - INFO - ***************** Verifying Login Test *****************
2022-07-23 17:37:41,977 - INFO - ***************** Verifying Login Test *****************
2022-07-23 17:37:41,977 - INFO - ***************** Verifying Login Test *****************
2022-07-23 17:37:41,977 - INFO - ***************** Verifying Login Test *****************
2022-07-23 17:37:41,977 - INFO - ***************** Verifying Login Test *****************
2022-07-23 17:37:48,807 - INFO - ***************** Login Test is Passed *****************
2022-07-23 17:37:48,807 - INFO - ***************** Login Test is Passed *****************
2022-07-23 17:37:48,807 - INFO - ***************** Login Test is Passed *****************
2022-07-23 17:37:48,807 - INFO - ***************** Login Test is Passed *****************
2022-07-23 17:37:48,807 - INFO - ***************** Login Test is Passed *****************
2022-07-23 17:45:29,323 - INFO - *************** Test_003_AddCustomer ***************
2022-07-23 17:45:29,323 - INFO - *************** Test_003_AddCustomer ***************
2022-07-23 17:45:29,323 - INFO - *************** Test_003_AddCustomer ***************
2022-07-23 17:45:29,323 - INFO - *************** Test_003_AddCustomer ***************
2022-07-23 17:45:29,323 - INFO - *************** Test_003_AddCustomer ***************
2022-07-23 17:45:34,502 - INFO - *************** Login successful ***************
2022-07-23 17:45:34,502 - INFO - *************** Login successful ***************
2022-07-23 17:45:34,502 - INFO - *************** Login successful ***************
2022-07-23 17:45:34,502 - INFO - *************** Login successful ***************
2022-07-23 17:45:34,502 - INFO - *************** Login successful ***************
2022-07-23 17:45:34,503 - INFO - *************** Starting Add Customer Test ***************
2022-07-23 17:45:34,503 - INFO - *************** Starting Add Customer Test ***************
2022-07-23 17:45:34,503 - INFO - *************** Starting Add Customer Test ***************
2022-07-23 17:45:34,503 - INFO - *************** Starting Add Customer Test ***************
2022-07-23 17:45:34,503 - INFO - *************** Starting Add Customer Test ***************
2022-07-23 17:45:37,354 - INFO - *************** Providing Customer Info ***************
2022-07-23 17:45:37,354 - INFO - *************** Providing Customer Info ***************
2022-07-23 17:45:37,354 - INFO - *************** Providing Customer Info ***************
2022-07-23 17:45:37,354 - INFO - *************** Providing Customer Info ***************
2022-07-23 17:45:37,354 - INFO - *************** Providing Customer Info ***************
2022-07-23 17:45:47,361 - INFO - *************** Saving Customer Info ***************
2022-07-23 17:45:47,361 - INFO - *************** Saving Customer Info ***************
2022-07-23 17:45:47,361 - INFO - *************** Saving Customer Info ***************
2022-07-23 17:45:47,361 - INFO - *************** Saving Customer Info ***************
2022-07-23 17:45:47,361 - INFO - *************** Saving Customer Info ***************
2022-07-23 17:45:47,362 - INFO - *************** Add Customer validation started ***************
2022-07-23 17:45:47,362 - INFO - *************** Add Customer validation started ***************
2022-07-23 17:45:47,362 - INFO - *************** Add Customer validation started ***************
2022-07-23 17:45:47,362 - INFO - *************** Add Customer validation started ***************
2022-07-23 17:45:47,362 - INFO - *************** Add Customer validation started ***************
2022-07-23 17:45:47,544 - INFO - *************** Add Customer Test Passed ***************
2022-07-23 17:45:47,544 - INFO - *************** Add Customer Test Passed ***************
2022-07-23 17:45:47,544 - INFO - *************** Add Customer Test Passed ***************
2022-07-23 17:45:47,544 - INFO - *************** Add Customer Test Passed ***************
2022-07-23 17:45:47,544 - INFO - *************** Add Customer Test Passed ***************
2022-07-23 17:45:49,780 - INFO - *************** Ending Test_003_AddCustomer Test  ***************
2022-07-23 17:45:49,780 - INFO - *************** Ending Test_003_AddCustomer Test  ***************
2022-07-23 17:45:49,780 - INFO - *************** Ending Test_003_AddCustomer Test  ***************
2022-07-23 17:45:49,780 - INFO - *************** Ending Test_003_AddCustomer Test  ***************
2022-07-23 17:45:49,780 - INFO - *************** Ending Test_003_AddCustomer Test  ***************
2022-07-23 17:45:51,407 - INFO - ***************** Verifying Login Test *****************
2022-07-23 17:45:51,407 - INFO - ***************** Verifying Login Test *****************
2022-07-23 17:45:51,407 - INFO - ***************** Verifying Login Test *****************
2022-07-23 17:45:51,407 - INFO - ***************** Verifying Login Test *****************
2022-07-23 17:45:51,407 - INFO - ***************** Verifying Login Test *****************
2022-07-23 17:45:57,174 - INFO - ***************** Login Test is Passed *****************
2022-07-23 17:45:57,174 - INFO - ***************** Login Test is Passed *****************
2022-07-23 17:45:57,174 - INFO - ***************** Login Test is Passed *****************
2022-07-23 17:45:57,174 - INFO - ***************** Login Test is Passed *****************
2022-07-23 17:45:57,174 - INFO - ***************** Login Test is Passed *****************
2022-07-23 17:46:05,049 - INFO - *************** Test_003_AddCustomer ***************
2022-07-23 17:46:05,049 - INFO - *************** Test_003_AddCustomer ***************
2022-07-23 17:46:05,049 - INFO - *************** Test_003_AddCustomer ***************
2022-07-23 17:46:05,049 - INFO - *************** Test_003_AddCustomer ***************
2022-07-23 17:46:05,049 - INFO - *************** Test_003_AddCustomer ***************
2022-07-23 17:46:10,345 - INFO - *************** Login successful ***************
2022-07-23 17:46:10,345 - INFO - *************** Login successful ***************
2022-07-23 17:46:10,345 - INFO - *************** Login successful ***************
2022-07-23 17:46:10,345 - INFO - *************** Login successful ***************
2022-07-23 17:46:10,345 - INFO - *************** Login successful ***************
2022-07-23 17:46:10,346 - INFO - *************** Starting Add Customer Test ***************
2022-07-23 17:46:10,346 - INFO - *************** Starting Add Customer Test ***************
2022-07-23 17:46:10,346 - INFO - *************** Starting Add Customer Test ***************
2022-07-23 17:46:10,346 - INFO - *************** Starting Add Customer Test ***************
2022-07-23 17:46:10,346 - INFO - *************** Starting Add Customer Test ***************
2022-07-23 17:46:12,411 - INFO - *************** Providing Customer Info ***************
2022-07-23 17:46:12,411 - INFO - *************** Providing Customer Info ***************
2022-07-23 17:46:12,411 - INFO - *************** Providing Customer Info ***************
2022-07-23 17:46:12,411 - INFO - *************** Providing Customer Info ***************
2022-07-23 17:46:12,411 - INFO - *************** Providing Customer Info ***************
2022-07-23 17:46:24,343 - INFO - ***************** Verifying Login Test *****************
2022-07-23 17:46:24,343 - INFO - ***************** Verifying Login Test *****************
2022-07-23 17:46:24,343 - INFO - ***************** Verifying Login Test *****************
2022-07-23 17:46:24,343 - INFO - ***************** Verifying Login Test *****************
2022-07-23 17:46:24,343 - INFO - ***************** Verifying Login Test *****************
2022-07-23 17:46:31,266 - INFO - ***************** Login Test is Passed *****************
2022-07-23 17:46:31,266 - INFO - ***************** Login Test is Passed *****************
2022-07-23 17:46:31,266 - INFO - ***************** Login Test is Passed *****************
2022-07-23 17:46:31,266 - INFO - ***************** Login Test is Passed *****************
2022-07-23 17:46:31,266 - INFO - ***************** Login Test is Passed *****************
2022-07-23 17:47:44,518 - INFO - *************** Test_003_AddCustomer ***************
2022-07-23 17:47:44,518 - INFO - *************** Test_003_AddCustomer ***************
2022-07-23 17:47:44,518 - INFO - *************** Test_003_AddCustomer ***************
2022-07-23 17:47:44,518 - INFO - *************** Test_003_AddCustomer ***************
2022-07-23 17:47:44,518 - INFO - *************** Test_003_AddCustomer ***************
2022-07-23 17:47:47,403 - INFO - ***************** Verifying Login Test *****************
2022-07-23 17:47:47,403 - INFO - ***************** Verifying Login Test *****************
2022-07-23 17:47:47,403 - INFO - ***************** Verifying Login Test *****************
2022-07-23 17:47:47,403 - INFO - ***************** Verifying Login Test *****************
2022-07-23 17:47:47,403 - INFO - ***************** Verifying Login Test *****************
2022-07-23 17:48:12,801 - INFO - *************** Test_003_AddCustomer ***************
2022-07-23 17:48:12,801 - INFO - *************** Test_003_AddCustomer ***************
2022-07-23 17:48:12,801 - INFO - *************** Test_003_AddCustomer ***************
2022-07-23 17:48:12,801 - INFO - *************** Test_003_AddCustomer ***************
2022-07-23 17:48:12,801 - INFO - *************** Test_003_AddCustomer ***************
2022-07-23 17:48:40,995 - INFO - *************** Login successful ***************
2022-07-23 17:48:40,995 - INFO - *************** Login successful ***************
2022-07-23 17:48:40,995 - INFO - *************** Login successful ***************
2022-07-23 17:48:40,995 - INFO - *************** Login successful ***************
2022-07-23 17:48:40,995 - INFO - *************** Login successful ***************
2022-07-23 17:48:40,996 - INFO - *************** Starting Add Customer Test ***************
2022-07-23 17:48:40,996 - INFO - *************** Starting Add Customer Test ***************
2022-07-23 17:48:40,996 - INFO - *************** Starting Add Customer Test ***************
2022-07-23 17:48:40,996 - INFO - *************** Starting Add Customer Test ***************
2022-07-23 17:48:40,996 - INFO - *************** Starting Add Customer Test ***************
2022-07-23 17:48:47,530 - INFO - *************** Providing Customer Info ***************
2022-07-23 17:48:47,530 - INFO - *************** Providing Customer Info ***************
2022-07-23 17:48:47,530 - INFO - *************** Providing Customer Info ***************
2022-07-23 17:48:47,530 - INFO - *************** Providing Customer Info ***************
2022-07-23 17:48:47,530 - INFO - *************** Providing Customer Info ***************
2022-07-23 17:48:57,694 - INFO - *************** Saving Customer Info ***************
2022-07-23 17:48:57,694 - INFO - *************** Saving Customer Info ***************
2022-07-23 17:48:57,694 - INFO - *************** Saving Customer Info ***************
2022-07-23 17:48:57,694 - INFO - *************** Saving Customer Info ***************
2022-07-23 17:48:57,694 - INFO - *************** Saving Customer Info ***************
2022-07-23 17:48:57,694 - INFO - *************** Add Customer validation started ***************
2022-07-23 17:48:57,694 - INFO - *************** Add Customer validation started ***************
2022-07-23 17:48:57,694 - INFO - *************** Add Customer validation started ***************
2022-07-23 17:48:57,694 - INFO - *************** Add Customer validation started ***************
2022-07-23 17:48:57,694 - INFO - *************** Add Customer validation started ***************
2022-07-23 17:48:57,897 - INFO - *************** Add Customer Test Passed ***************
2022-07-23 17:48:57,897 - INFO - *************** Add Customer Test Passed ***************
2022-07-23 17:48:57,897 - INFO - *************** Add Customer Test Passed ***************
2022-07-23 17:48:57,897 - INFO - *************** Add Customer Test Passed ***************
2022-07-23 17:48:57,897 - INFO - *************** Add Customer Test Passed ***************
2022-07-23 17:49:00,156 - INFO - *************** Ending Test_003_AddCustomer Test  ***************
2022-07-23 17:49:00,156 - INFO - *************** Ending Test_003_AddCustomer Test  ***************
2022-07-23 17:49:00,156 - INFO - *************** Ending Test_003_AddCustomer Test  ***************
2022-07-23 17:49:00,156 - INFO - *************** Ending Test_003_AddCustomer Test  ***************
2022-07-23 17:49:00,156 - INFO - *************** Ending Test_003_AddCustomer Test  ***************
2022-07-23 17:49:01,879 - INFO - ***************** Verifying Login Test *****************
2022-07-23 17:49:01,879 - INFO - ***************** Verifying Login Test *****************
2022-07-23 17:49:01,879 - INFO - ***************** Verifying Login Test *****************
2022-07-23 17:49:01,879 - INFO - ***************** Verifying Login Test *****************
2022-07-23 17:49:01,879 - INFO - ***************** Verifying Login Test *****************
2022-07-23 17:49:09,598 - INFO - ***************** Login Test is Passed *****************
2022-07-23 17:49:09,598 - INFO - ***************** Login Test is Passed *****************
2022-07-23 17:49:09,598 - INFO - ***************** Login Test is Passed *****************
2022-07-23 17:49:09,598 - INFO - ***************** Login Test is Passed *****************
2022-07-23 17:49:09,598 - INFO - ***************** Login Test is Passed *****************
2022-07-23 17:49:17,501 - INFO - *************** Test_003_AddCustomer ***************
2022-07-23 17:49:17,501 - INFO - *************** Test_003_AddCustomer ***************
2022-07-23 17:49:17,501 - INFO - *************** Test_003_AddCustomer ***************
2022-07-23 17:49:17,501 - INFO - *************** Test_003_AddCustomer ***************
2022-07-23 17:49:17,501 - INFO - *************** Test_003_AddCustomer ***************
2022-07-23 17:49:20,411 - INFO - *************** Login successful ***************
2022-07-23 17:49:20,411 - INFO - *************** Login successful ***************
2022-07-23 17:49:20,411 - INFO - *************** Login successful ***************
2022-07-23 17:49:20,411 - INFO - *************** Login successful ***************
2022-07-23 17:49:20,411 - INFO - *************** Login successful ***************
2022-07-23 17:49:20,411 - INFO - *************** Starting Add Customer Test ***************
2022-07-23 17:49:20,411 - INFO - *************** Starting Add Customer Test ***************
2022-07-23 17:49:20,411 - INFO - *************** Starting Add Customer Test ***************
2022-07-23 17:49:20,411 - INFO - *************** Starting Add Customer Test ***************
2022-07-23 17:49:20,411 - INFO - *************** Starting Add Customer Test ***************
2022-07-23 17:49:22,780 - INFO - *************** Providing Customer Info ***************
2022-07-23 17:49:22,780 - INFO - *************** Providing Customer Info ***************
2022-07-23 17:49:22,780 - INFO - *************** Providing Customer Info ***************
2022-07-23 17:49:22,780 - INFO - *************** Providing Customer Info ***************
2022-07-23 17:49:22,780 - INFO - *************** Providing Customer Info ***************
2022-07-23 17:49:29,014 - INFO - ***************** Verifying Login Test *****************
2022-07-23 17:49:29,014 - INFO - ***************** Verifying Login Test *****************
2022-07-23 17:49:29,014 - INFO - ***************** Verifying Login Test *****************
2022-07-23 17:49:29,014 - INFO - ***************** Verifying Login Test *****************
2022-07-23 17:49:29,014 - INFO - ***************** Verifying Login Test *****************
2022-07-23 17:49:32,880 - INFO - ***************** Login Test is Passed *****************
2022-07-23 17:49:32,880 - INFO - ***************** Login Test is Passed *****************
2022-07-23 17:49:32,880 - INFO - ***************** Login Test is Passed *****************
2022-07-23 17:49:32,880 - INFO - ***************** Login Test is Passed *****************
2022-07-23 17:49:32,880 - INFO - ***************** Login Test is Passed *****************
2022-07-23 17:52:38,364 - INFO - *************** Test_003_AddCustomer ***************
2022-07-23 17:52:38,364 - INFO - *************** Test_003_AddCustomer ***************
2022-07-23 17:52:38,364 - INFO - *************** Test_003_AddCustomer ***************
2022-07-23 17:52:38,364 - INFO - *************** Test_003_AddCustomer ***************
2022-07-23 17:52:38,364 - INFO - *************** Test_003_AddCustomer ***************
2022-07-23 17:52:42,132 - INFO - *************** Login successful ***************
2022-07-23 17:52:42,132 - INFO - *************** Login successful ***************
2022-07-23 17:52:42,132 - INFO - *************** Login successful ***************
2022-07-23 17:52:42,132 - INFO - *************** Login successful ***************
2022-07-23 17:52:42,132 - INFO - *************** Login successful ***************
2022-07-23 17:52:42,133 - INFO - *************** Starting Add Customer Test ***************
2022-07-23 17:52:42,133 - INFO - *************** Starting Add Customer Test ***************
2022-07-23 17:52:42,133 - INFO - *************** Starting Add Customer Test ***************
2022-07-23 17:52:42,133 - INFO - *************** Starting Add Customer Test ***************
2022-07-23 17:52:42,133 - INFO - *************** Starting Add Customer Test ***************
2022-07-23 17:52:49,225 - INFO - ***************** Verifying Login Test *****************
2022-07-23 17:52:49,225 - INFO - ***************** Verifying Login Test *****************
2022-07-23 17:52:49,225 - INFO - ***************** Verifying Login Test *****************
2022-07-23 17:52:49,225 - INFO - ***************** Verifying Login Test *****************
2022-07-23 17:52:49,225 - INFO - ***************** Verifying Login Test *****************
2022-07-23 17:52:54,067 - INFO - ***************** Login Test is Passed *****************
2022-07-23 17:52:54,067 - INFO - ***************** Login Test is Passed *****************
2022-07-23 17:52:54,067 - INFO - ***************** Login Test is Passed *****************
2022-07-23 17:52:54,067 - INFO - ***************** Login Test is Passed *****************
2022-07-23 17:52:54,067 - INFO - ***************** Login Test is Passed *****************
2022-07-23 17:58:24,958 - INFO - *************** Test_003_AddCustomer ***************
2022-07-23 17:58:24,958 - INFO - *************** Test_003_AddCustomer ***************
2022-07-23 17:58:24,958 - INFO - *************** Test_003_AddCustomer ***************
2022-07-23 17:58:24,958 - INFO - *************** Test_003_AddCustomer ***************
2022-07-23 17:58:24,958 - INFO - *************** Test_003_AddCustomer ***************
2022-07-23 17:58:28,685 - INFO - *************** Login successful ***************
2022-07-23 17:58:28,685 - INFO - *************** Login successful ***************
2022-07-23 17:58:28,685 - INFO - *************** Login successful ***************
2022-07-23 17:58:28,685 - INFO - *************** Login successful ***************
2022-07-23 17:58:28,685 - INFO - *************** Login successful ***************
2022-07-23 17:58:28,685 - INFO - *************** Starting Add Customer Test ***************
2022-07-23 17:58:28,685 - INFO - *************** Starting Add Customer Test ***************
2022-07-23 17:58:28,685 - INFO - *************** Starting Add Customer Test ***************
2022-07-23 17:58:28,685 - INFO - *************** Starting Add Customer Test ***************
2022-07-23 17:58:28,685 - INFO - *************** Starting Add Customer Test ***************
2022-07-23 17:58:31,267 - INFO - *************** Providing Customer Info ***************
2022-07-23 17:58:31,267 - INFO - *************** Providing Customer Info ***************
2022-07-23 17:58:31,267 - INFO - *************** Providing Customer Info ***************
2022-07-23 17:58:31,267 - INFO - *************** Providing Customer Info ***************
2022-07-23 17:58:31,267 - INFO - *************** Providing Customer Info ***************
2022-07-23 17:58:37,562 - INFO - ***************** Verifying Login Test *****************
2022-07-23 17:58:37,562 - INFO - ***************** Verifying Login Test *****************
2022-07-23 17:58:37,562 - INFO - ***************** Verifying Login Test *****************
2022-07-23 17:58:37,562 - INFO - ***************** Verifying Login Test *****************
2022-07-23 17:58:37,562 - INFO - ***************** Verifying Login Test *****************
2022-07-23 17:58:42,057 - INFO - ***************** Login Test is Passed *****************
2022-07-23 17:58:42,057 - INFO - ***************** Login Test is Passed *****************
2022-07-23 17:58:42,057 - INFO - ***************** Login Test is Passed *****************
2022-07-23 17:58:42,057 - INFO - ***************** Login Test is Passed *****************
2022-07-23 17:58:42,057 - INFO - ***************** Login Test is Passed *****************
2022-07-23 17:59:41,904 - INFO - *************** Test_003_AddCustomer ***************
2022-07-23 17:59:41,904 - INFO - *************** Test_003_AddCustomer ***************
2022-07-23 17:59:41,904 - INFO - *************** Test_003_AddCustomer ***************
2022-07-23 17:59:41,904 - INFO - *************** Test_003_AddCustomer ***************
2022-07-23 17:59:41,904 - INFO - *************** Test_003_AddCustomer ***************
2022-07-23 17:59:46,565 - INFO - *************** Login successful ***************
2022-07-23 17:59:46,565 - INFO - *************** Login successful ***************
2022-07-23 17:59:46,565 - INFO - *************** Login successful ***************
2022-07-23 17:59:46,565 - INFO - *************** Login successful ***************
2022-07-23 17:59:46,565 - INFO - *************** Login successful ***************
2022-07-23 17:59:46,565 - INFO - *************** Starting Add Customer Test ***************
2022-07-23 17:59:46,565 - INFO - *************** Starting Add Customer Test ***************
2022-07-23 17:59:46,565 - INFO - *************** Starting Add Customer Test ***************
2022-07-23 17:59:46,565 - INFO - *************** Starting Add Customer Test ***************
2022-07-23 17:59:46,565 - INFO - *************** Starting Add Customer Test ***************
2022-07-23 17:59:50,046 - INFO - *************** Providing Customer Info ***************
2022-07-23 17:59:50,046 - INFO - *************** Providing Customer Info ***************
2022-07-23 17:59:50,046 - INFO - *************** Providing Customer Info ***************
2022-07-23 17:59:50,046 - INFO - *************** Providing Customer Info ***************
2022-07-23 17:59:50,046 - INFO - *************** Providing Customer Info ***************
2022-07-23 18:00:00,521 - INFO - *************** Saving Customer Info ***************
2022-07-23 18:00:00,521 - INFO - *************** Saving Customer Info ***************
2022-07-23 18:00:00,521 - INFO - *************** Saving Customer Info ***************
2022-07-23 18:00:00,521 - INFO - *************** Saving Customer Info ***************
2022-07-23 18:00:00,521 - INFO - *************** Saving Customer Info ***************
2022-07-23 18:00:00,521 - INFO - *************** Add Customer validation started ***************
2022-07-23 18:00:00,521 - INFO - *************** Add Customer validation started ***************
2022-07-23 18:00:00,521 - INFO - *************** Add Customer validation started ***************
2022-07-23 18:00:00,521 - INFO - *************** Add Customer validation started ***************
2022-07-23 18:00:00,521 - INFO - *************** Add Customer validation started ***************
2022-07-23 18:00:00,766 - INFO - *************** Add Customer Test Passed ***************
2022-07-23 18:00:00,766 - INFO - *************** Add Customer Test Passed ***************
2022-07-23 18:00:00,766 - INFO - *************** Add Customer Test Passed ***************
2022-07-23 18:00:00,766 - INFO - *************** Add Customer Test Passed ***************
2022-07-23 18:00:00,766 - INFO - *************** Add Customer Test Passed ***************
2022-07-23 18:00:02,953 - INFO - *************** Ending Test_003_AddCustomer Test  ***************
2022-07-23 18:00:02,953 - INFO - *************** Ending Test_003_AddCustomer Test  ***************
2022-07-23 18:00:02,953 - INFO - *************** Ending Test_003_AddCustomer Test  ***************
2022-07-23 18:00:02,953 - INFO - *************** Ending Test_003_AddCustomer Test  ***************
2022-07-23 18:00:02,953 - INFO - *************** Ending Test_003_AddCustomer Test  ***************
2022-07-23 18:00:04,925 - INFO - ***************** Verifying Login Test *****************
2022-07-23 18:00:04,925 - INFO - ***************** Verifying Login Test *****************
2022-07-23 18:00:04,925 - INFO - ***************** Verifying Login Test *****************
2022-07-23 18:00:04,925 - INFO - ***************** Verifying Login Test *****************
2022-07-23 18:00:04,925 - INFO - ***************** Verifying Login Test *****************
2022-07-23 18:00:12,965 - INFO - ***************** Login Test is Passed *****************
2022-07-23 18:00:12,965 - INFO - ***************** Login Test is Passed *****************
2022-07-23 18:00:12,965 - INFO - ***************** Login Test is Passed *****************
2022-07-23 18:00:12,965 - INFO - ***************** Login Test is Passed *****************
2022-07-23 18:00:12,965 - INFO - ***************** Login Test is Passed *****************
2022-07-23 18:00:30,448 - INFO - *************** Test_003_AddCustomer ***************
2022-07-23 18:00:30,448 - INFO - *************** Test_003_AddCustomer ***************
2022-07-23 18:00:30,448 - INFO - *************** Test_003_AddCustomer ***************
2022-07-23 18:00:30,448 - INFO - *************** Test_003_AddCustomer ***************
2022-07-23 18:00:30,448 - INFO - *************** Test_003_AddCustomer ***************
2022-07-23 18:00:33,345 - INFO - *************** Login successful ***************
2022-07-23 18:00:33,345 - INFO - *************** Login successful ***************
2022-07-23 18:00:33,345 - INFO - *************** Login successful ***************
2022-07-23 18:00:33,345 - INFO - *************** Login successful ***************
2022-07-23 18:00:33,345 - INFO - *************** Login successful ***************
2022-07-23 18:00:33,345 - INFO - *************** Starting Add Customer Test ***************
2022-07-23 18:00:33,345 - INFO - *************** Starting Add Customer Test ***************
2022-07-23 18:00:33,345 - INFO - *************** Starting Add Customer Test ***************
2022-07-23 18:00:33,345 - INFO - *************** Starting Add Customer Test ***************
2022-07-23 18:00:33,345 - INFO - *************** Starting Add Customer Test ***************
2022-07-23 18:00:36,699 - INFO - *************** Providing Customer Info ***************
2022-07-23 18:00:36,699 - INFO - *************** Providing Customer Info ***************
2022-07-23 18:00:36,699 - INFO - *************** Providing Customer Info ***************
2022-07-23 18:00:36,699 - INFO - *************** Providing Customer Info ***************
2022-07-23 18:00:36,699 - INFO - *************** Providing Customer Info ***************
2022-07-23 18:00:42,925 - INFO - ***************** Verifying Login Test *****************
2022-07-23 18:00:42,925 - INFO - ***************** Verifying Login Test *****************
2022-07-23 18:00:42,925 - INFO - ***************** Verifying Login Test *****************
2022-07-23 18:00:42,925 - INFO - ***************** Verifying Login Test *****************
2022-07-23 18:00:42,925 - INFO - ***************** Verifying Login Test *****************
2022-07-23 18:00:46,767 - INFO - ***************** Login Test is Passed *****************
2022-07-23 18:00:46,767 - INFO - ***************** Login Test is Passed *****************
2022-07-23 18:00:46,767 - INFO - ***************** Login Test is Passed *****************
2022-07-23 18:00:46,767 - INFO - ***************** Login Test is Passed *****************
2022-07-23 18:00:46,767 - INFO - ***************** Login Test is Passed *****************
2022-07-23 18:02:53,626 - INFO - *************** Test_003_AddCustomer ***************
2022-07-23 18:02:53,626 - INFO - *************** Test_003_AddCustomer ***************
2022-07-23 18:02:53,626 - INFO - *************** Test_003_AddCustomer ***************
2022-07-23 18:02:53,626 - INFO - *************** Test_003_AddCustomer ***************
2022-07-23 18:02:53,626 - INFO - *************** Test_003_AddCustomer ***************
2022-07-23 18:02:56,670 - INFO - *************** Login successful ***************
2022-07-23 18:02:56,670 - INFO - *************** Login successful ***************
2022-07-23 18:02:56,670 - INFO - *************** Login successful ***************
2022-07-23 18:02:56,670 - INFO - *************** Login successful ***************
2022-07-23 18:02:56,670 - INFO - *************** Login successful ***************
2022-07-23 18:02:56,670 - INFO - *************** Starting Add Customer Test ***************
2022-07-23 18:02:56,670 - INFO - *************** Starting Add Customer Test ***************
2022-07-23 18:02:56,670 - INFO - *************** Starting Add Customer Test ***************
2022-07-23 18:02:56,670 - INFO - *************** Starting Add Customer Test ***************
2022-07-23 18:02:56,670 - INFO - *************** Starting Add Customer Test ***************
2022-07-23 18:03:05,014 - INFO - ***************** Verifying Login Test *****************
2022-07-23 18:03:05,014 - INFO - ***************** Verifying Login Test *****************
2022-07-23 18:03:05,014 - INFO - ***************** Verifying Login Test *****************
2022-07-23 18:03:05,014 - INFO - ***************** Verifying Login Test *****************
2022-07-23 18:03:05,014 - INFO - ***************** Verifying Login Test *****************
2022-07-23 18:03:09,256 - INFO - ***************** Login Test is Passed *****************
2022-07-23 18:03:09,256 - INFO - ***************** Login Test is Passed *****************
2022-07-23 18:03:09,256 - INFO - ***************** Login Test is Passed *****************
2022-07-23 18:03:09,256 - INFO - ***************** Login Test is Passed *****************
2022-07-23 18:03:09,256 - INFO - ***************** Login Test is Passed *****************
2022-07-23 18:03:32,640 - INFO - *************** Test_003_AddCustomer ***************
2022-07-23 18:03:32,640 - INFO - *************** Test_003_AddCustomer ***************
2022-07-23 18:03:32,640 - INFO - *************** Test_003_AddCustomer ***************
2022-07-23 18:03:32,640 - INFO - *************** Test_003_AddCustomer ***************
2022-07-23 18:03:32,640 - INFO - *************** Test_003_AddCustomer ***************
2022-07-23 18:03:35,496 - INFO - *************** Login successful ***************
2022-07-23 18:03:35,496 - INFO - *************** Login successful ***************
2022-07-23 18:03:35,496 - INFO - *************** Login successful ***************
2022-07-23 18:03:35,496 - INFO - *************** Login successful ***************
2022-07-23 18:03:35,496 - INFO - *************** Login successful ***************
2022-07-23 18:03:35,496 - INFO - *************** Starting Add Customer Test ***************
2022-07-23 18:03:35,496 - INFO - *************** Starting Add Customer Test ***************
2022-07-23 18:03:35,496 - INFO - *************** Starting Add Customer Test ***************
2022-07-23 18:03:35,496 - INFO - *************** Starting Add Customer Test ***************
2022-07-23 18:03:35,496 - INFO - *************** Starting Add Customer Test ***************
2022-07-23 18:03:40,489 - INFO - *************** Providing Customer Info ***************
2022-07-23 18:03:40,489 - INFO - *************** Providing Customer Info ***************
2022-07-23 18:03:40,489 - INFO - *************** Providing Customer Info ***************
2022-07-23 18:03:40,489 - INFO - *************** Providing Customer Info ***************
2022-07-23 18:03:40,489 - INFO - *************** Providing Customer Info ***************
2022-07-23 18:03:50,599 - INFO - *************** Saving Customer Info ***************
2022-07-23 18:03:50,599 - INFO - *************** Saving Customer Info ***************
2022-07-23 18:03:50,599 - INFO - *************** Saving Customer Info ***************
2022-07-23 18:03:50,599 - INFO - *************** Saving Customer Info ***************
2022-07-23 18:03:50,599 - INFO - *************** Saving Customer Info ***************
2022-07-23 18:03:50,599 - INFO - *************** Add Customer validation started ***************
2022-07-23 18:03:50,599 - INFO - *************** Add Customer validation started ***************
2022-07-23 18:03:50,599 - INFO - *************** Add Customer validation started ***************
2022-07-23 18:03:50,599 - INFO - *************** Add Customer validation started ***************
2022-07-23 18:03:50,599 - INFO - *************** Add Customer validation started ***************
2022-07-23 18:03:51,343 - INFO - *************** Add Customer Test Passed ***************
2022-07-23 18:03:51,343 - INFO - *************** Add Customer Test Passed ***************
2022-07-23 18:03:51,343 - INFO - *************** Add Customer Test Passed ***************
2022-07-23 18:03:51,343 - INFO - *************** Add Customer Test Passed ***************
2022-07-23 18:03:51,343 - INFO - *************** Add Customer Test Passed ***************
2022-07-23 18:03:52,391 - INFO - *************** Ending Test_003_AddCustomer Test  ***************
2022-07-23 18:03:52,391 - INFO - *************** Ending Test_003_AddCustomer Test  ***************
2022-07-23 18:03:52,391 - INFO - *************** Ending Test_003_AddCustomer Test  ***************
2022-07-23 18:03:52,391 - INFO - *************** Ending Test_003_AddCustomer Test  ***************
2022-07-23 18:03:52,391 - INFO - *************** Ending Test_003_AddCustomer Test  ***************
2022-07-23 18:03:58,677 - INFO - ***************** Verifying Login Test *****************
2022-07-23 18:03:58,677 - INFO - ***************** Verifying Login Test *****************
2022-07-23 18:03:58,677 - INFO - ***************** Verifying Login Test *****************
2022-07-23 18:03:58,677 - INFO - ***************** Verifying Login Test *****************
2022-07-23 18:03:58,677 - INFO - ***************** Verifying Login Test *****************
2022-07-23 18:04:02,647 - INFO - ***************** Login Test is Passed *****************
2022-07-23 18:04:02,647 - INFO - ***************** Login Test is Passed *****************
2022-07-23 18:04:02,647 - INFO - ***************** Login Test is Passed *****************
2022-07-23 18:04:02,647 - INFO - ***************** Login Test is Passed *****************
2022-07-23 18:04:02,647 - INFO - ***************** Login Test is Passed *****************
2022-07-23 18:04:36,235 - INFO - *************** Test_003_AddCustomer ***************
2022-07-23 18:04:36,235 - INFO - *************** Test_003_AddCustomer ***************
2022-07-23 18:04:36,235 - INFO - *************** Test_003_AddCustomer ***************
2022-07-23 18:04:36,235 - INFO - *************** Test_003_AddCustomer ***************
2022-07-23 18:04:36,235 - INFO - *************** Test_003_AddCustomer ***************
2022-07-23 18:04:39,844 - INFO - *************** Login successful ***************
2022-07-23 18:04:39,844 - INFO - *************** Login successful ***************
2022-07-23 18:04:39,844 - INFO - *************** Login successful ***************
2022-07-23 18:04:39,844 - INFO - *************** Login successful ***************
2022-07-23 18:04:39,844 - INFO - *************** Login successful ***************
2022-07-23 18:04:39,844 - INFO - *************** Starting Add Customer Test ***************
2022-07-23 18:04:39,844 - INFO - *************** Starting Add Customer Test ***************
2022-07-23 18:04:39,844 - INFO - *************** Starting Add Customer Test ***************
2022-07-23 18:04:39,844 - INFO - *************** Starting Add Customer Test ***************
2022-07-23 18:04:39,844 - INFO - *************** Starting Add Customer Test ***************
2022-07-23 18:04:48,779 - INFO - ***************** Verifying Login Test *****************
2022-07-23 18:04:48,779 - INFO - ***************** Verifying Login Test *****************
2022-07-23 18:04:48,779 - INFO - ***************** Verifying Login Test *****************
2022-07-23 18:04:48,779 - INFO - ***************** Verifying Login Test *****************
2022-07-23 18:04:48,779 - INFO - ***************** Verifying Login Test *****************
2022-07-23 18:04:53,339 - INFO - ***************** Login Test is Passed *****************
2022-07-23 18:04:53,339 - INFO - ***************** Login Test is Passed *****************
2022-07-23 18:04:53,339 - INFO - ***************** Login Test is Passed *****************
2022-07-23 18:04:53,339 - INFO - ***************** Login Test is Passed *****************
2022-07-23 18:04:53,339 - INFO - ***************** Login Test is Passed *****************
2024-08-07 20:54:56,413 - INFO - ***************** Test_001_Login *****************
2024-08-07 20:54:56,413 - INFO - ***************** Verifying Home Page Title *****************
2024-08-07 20:55:02,940 - INFO - ***************** Home Page Title Test is Passed *****************
2024-08-07 20:55:06,127 - INFO - ***************** Verifying Login Test *****************
2024-08-07 20:55:15,313 - INFO - ***************** Login Test is Passed *****************
2024-08-07 20:57:40,763 - INFO - *************** Test_003_AddCustomer ***************
2024-08-07 20:57:47,329 - INFO - *************** Login successful ***************
2024-08-07 20:57:47,329 - INFO - *************** Starting Add Customer Test ***************
2024-08-07 21:01:54,095 - INFO - *************** Test_005_SearchCustomerByName ***************
2024-08-07 21:02:00,624 - INFO - *************** Login successful ***************
2024-08-07 21:02:00,624 - INFO - *************** Starting Search Customer By Name ***************
2024-08-07 21:02:03,627 - INFO - *************** Searching Customer by Name ***************
2024-08-07 21:02:07,034 - INFO - *************** Test_005_SearchCustomerByName Finished ***************
2024-08-07 22:29:55,991 - INFO - ***************** Test_002_DDT_Login *****************
2024-08-07 22:29:55,991 - INFO - ***************** Verifying Login DDT Test *****************
2024-08-07 22:30:05,449 - INFO - ***************** Passed *****************
2024-08-07 22:30:11,066 - INFO - ***************** Passed *****************
2024-08-07 22:30:14,900 - INFO - ***************** Passed *****************
2024-08-07 22:30:18,718 - INFO - ***************** Passed *****************
2024-08-07 22:30:18,718 - INFO - ***************** Login DDT test passed *****************
2024-08-07 22:30:20,986 - INFO - ***************** End of Login DDT Test *****************
2024-08-07 22:30:20,986 - INFO - ***************** Completed Test_002_DDT_Login *****************
2024-08-08 12:40:53,765 - INFO - ***************** Test_002_DDT_Login *****************
2024-08-08 12:40:53,766 - INFO - ***************** Verifying Login DDT Test *****************
2024-08-08 12:41:04,691 - INFO - ***************** Passed *****************
2024-08-08 12:41:10,527 - INFO - ***************** Passed *****************
2024-08-08 12:41:14,438 - INFO - ***************** Passed *****************
2024-08-08 12:41:18,388 - INFO - ***************** Passed *****************
2024-08-08 12:41:18,388 - INFO - ***************** Login DDT test passed *****************
2024-08-08 12:41:22,635 - INFO - ***************** End of Login DDT Test *****************
2024-08-08 12:41:22,635 - INFO - ***************** Completed Test_002_DDT_Login *****************
